app/build/outputs/logs/manifest-merger-debug-report.txt
-- Merging decision tree log ---
manifest
ADDED from src/main/AndroidManifest.xml:2:1-245:12
INJECTED from src/main/AndroidManifest.xml:2:1-245:12
INJECTED from src/main/AndroidManifest.xml:2:1-245:12
INJECTED from src/main/AndroidManifest.xml:2:1-245:12
INJECTED from src/main/AndroidManifest.xml:2:1-245:12
INJECTED from src/main/AndroidManifest.xml:2:1-245:12
INJECTED from src/main/AndroidManifest.xml:2:1-245:12
	package
		ADDED from src/main/AndroidManifest.xml:3:5-42
		INJECTED from src/main/AndroidManifest.xml
		INJECTED from src/main/AndroidManifest.xml
	android:versionName
		ADDED from src/main/AndroidManifest.xml:5:5-32
		INJECTED from src/main/AndroidManifest.xml
		INJECTED from src/main/AndroidManifest.xml
	xmlns:android
		ADDED from src/main/AndroidManifest.xml:2:11-69
	android:versionCode
		ADDED from src/main/AndroidManifest.xml:4:5-28
		INJECTED from src/main/AndroidManifest.xml
		INJECTED from src/main/AndroidManifest.xml
uses-permission#android.permission.BATTERY_STATS
ADDED from src/main/AndroidManifest.xml:7:5-72
	android:name
		ADDED from src/main/AndroidManifest.xml:7:22-69
uses-permission#android.permission.READ_PHONE_STATE
ADDED from src/main/AndroidManifest.xml:8:5-75
	android:name
		ADDED from src/main/AndroidManifest.xml:8:22-72
uses-permission#android.permission.CALL_PHONE
ADDED from src/main/AndroidManifest.xml:9:5-69
	android:name
		ADDED from src/main/AndroidManifest.xml:9:22-66
uses-permission#android.permission.READ_CALL_LOG
ADDED from src/main/AndroidManifest.xml:11:5-72
	android:name
		ADDED from src/main/AndroidManifest.xml:11:22-69
uses-permission#android.permission.READ_CALENDAR
ADDED from src/main/AndroidManifest.xml:13:5-72
	android:name
		ADDED from src/main/AndroidManifest.xml:13:22-69
uses-permission#android.permission.WAKE_LOCK
ADDED from src/main/AndroidManifest.xml:14:5-68
	android:name
		ADDED from src/main/AndroidManifest.xml:14:22-65
uses-permission#android.permission.EXPAND_STATUS_BAR
ADDED from src/main/AndroidManifest.xml:15:5-76
	android:name
		ADDED from src/main/AndroidManifest.xml:15:22-73
uses-permission#android.permission.BLUETOOTH
ADDED from src/main/AndroidManifest.xml:18:5-68
	android:name
		ADDED from src/main/AndroidManifest.xml:18:22-65
uses-permission#android.permission.BLUETOOTH_ADMIN
ADDED from src/main/AndroidManifest.xml:19:5-74
	android:name
		ADDED from src/main/AndroidManifest.xml:19:22-71
uses-permission#android.permission.DISABLE_KEYGUARD
ADDED from src/main/AndroidManifest.xml:20:5-75
	android:name
		ADDED from src/main/AndroidManifest.xml:20:22-72
uses-permission#android.permission.WRITE_EXTERNAL_STORAGE
ADDED from src/main/AndroidManifest.xml:21:5-81
	android:name
		ADDED from src/main/AndroidManifest.xml:21:22-78
uses-permission#android.permission.INTERNET
ADDED from src/main/AndroidManifest.xml:22:5-67
	android:name
		ADDED from src/main/AndroidManifest.xml:22:22-64
application
ADDED from src/main/AndroidManifest.xml:25:5-243:19
	android:label
		ADDED from src/main/AndroidManifest.xml:27:9-34
	android:icon
		ADDED from src/main/AndroidManifest.xml:26:9-38
activity#com.kisai.bt.android.SplashActivity
ADDED from src/main/AndroidManifest.xml:28:9-35:20
	android:screenOrientation
		ADDED from src/main/AndroidManifest.xml:30:13-49
	android:name
		ADDED from src/main/AndroidManifest.xml:29:13-63
intent-filter#action:name:android.intent.action.MAIN+category:name:android.intent.category.LAUNCHER
ADDED from src/main/AndroidManifest.xml:31:13-34:29
action#android.intent.action.MAIN
ADDED from src/main/AndroidManifest.xml:32:17-69
	android:name
		ADDED from src/main/AndroidManifest.xml:32:25-66
category#android.intent.category.LAUNCHER
ADDED from src/main/AndroidManifest.xml:33:17-77
	android:name
		ADDED from src/main/AndroidManifest.xml:33:27-74
service#com.kisai.bt.android.MyService
ADDED from src/main/AndroidManifest.xml:37:9-40:19
	android:enabled
		ADDED from src/main/AndroidManifest.xml:39:13-35
	android:name
		ADDED from src/main/AndroidManifest.xml:38:13-58
service#com.kisai.bt.service.BluetoothService
ADDED from src/main/AndroidManifest.xml:41:9-58:19
	android:enabled
		ADDED from src/main/AndroidManifest.xml:43:13-35
	android:name
		ADDED from src/main/AndroidManifest.xml:42:13-65
intent-filter#action:name:android.bluetooth.device.action.ACL_CONNECTED+action:name:android.intent.action.BATTERY_CHANGED+action:name:android.intent.action.PHONE_STATE+action:name:android.provider.Telephony.SMS_RECEIVED+action:name:android.telephony.TelephonyManager.ACTION_PHONE_STATE_CHANGED+action:name:com.kisai.bt.service.ACTION_BATTERY_CHANGED+action:name:com.kisai.bt.service.ACTION_POWER_CONNECTED+action:name:com.kisai.bt.service.ACTION_POWER_DISCONNECTED+action:name:com.kisai.bt.service.Start
ADDED from src/main/AndroidManifest.xml:44:13-57:29
action#android.bluetooth.device.action.ACL_CONNECTED
ADDED from src/main/AndroidManifest.xml:45:17-88
	android:name
		ADDED from src/main/AndroidManifest.xml:45:25-85
action#com.kisai.bt.service.ACTION_POWER_CONNECTED
ADDED from src/main/AndroidManifest.xml:46:17-86
	android:name
		ADDED from src/main/AndroidManifest.xml:46:25-83
action#com.kisai.bt.service.ACTION_POWER_DISCONNECTED
ADDED from src/main/AndroidManifest.xml:47:17-89
	android:name
		ADDED from src/main/AndroidManifest.xml:47:25-86
action#com.kisai.bt.service.ACTION_BATTERY_CHANGED
ADDED from src/main/AndroidManifest.xml:48:17-86
	android:name
		ADDED from src/main/AndroidManifest.xml:48:25-83
action#com.kisai.bt.service.Start
ADDED from src/main/AndroidManifest.xml:49:17-69
	android:name
		ADDED from src/main/AndroidManifest.xml:49:25-66
action#android.intent.action.BATTERY_CHANGED
ADDED from src/main/AndroidManifest.xml:50:17-80
	android:name
		ADDED from src/main/AndroidManifest.xml:50:25-77
action#android.provider.Telephony.SMS_RECEIVED
ADDED from src/main/AndroidManifest.xml:51:17-52:26
	android:name
		ADDED from src/main/AndroidManifest.xml:51:25-79
action#android.telephony.TelephonyManager.ACTION_PHONE_STATE_CHANGED
ADDED from src/main/AndroidManifest.xml:53:17-54:26
	android:name
		ADDED from src/main/AndroidManifest.xml:53:25-101
action#android.intent.action.PHONE_STATE
ADDED from src/main/AndroidManifest.xml:55:17-56:26
	android:name
		ADDED from src/main/AndroidManifest.xml:55:25-73
activity#com.kisai.bt.android.Kisai_BT_Main
ADDED from src/main/AndroidManifest.xml:60:9-64:20
	android:screenOrientation
		ADDED from src/main/AndroidManifest.xml:63:13-49
	android:label
		ADDED from src/main/AndroidManifest.xml:62:13-45
	android:name
		ADDED from src/main/AndroidManifest.xml:61:13-62
activity#com.dean.PieColumar
ADDED from src/main/AndroidManifest.xml:66:9-70:20
	android:screenOrientation
		ADDED from src/main/AndroidManifest.xml:69:13-49
	android:label
		ADDED from src/main/AndroidManifest.xml:68:13-45
	android:name
		ADDED from src/main/AndroidManifest.xml:67:13-47
activity#com.dean.PieColumarBlankGraph
ADDED from src/main/AndroidManifest.xml:72:10-76:20
	android:screenOrientation
		ADDED from src/main/AndroidManifest.xml:75:13-49
	android:label
		ADDED from src/main/AndroidManifest.xml:74:13-45
	android:name
		ADDED from src/main/AndroidManifest.xml:73:13-57
activity#com.dean.PieColumarClientGraph
ADDED from src/main/AndroidManifest.xml:78:10-82:20
	android:screenOrientation
		ADDED from src/main/AndroidManifest.xml:81:13-49
	android:label
		ADDED from src/main/AndroidManifest.xml:80:13-45
	android:name
		ADDED from src/main/AndroidManifest.xml:79:13-58
activity#com.dean.PieColumarServerGraph
ADDED from src/main/AndroidManifest.xml:84:10-88:20
	android:screenOrientation
		ADDED from src/main/AndroidManifest.xml:87:13-49
	android:label
		ADDED from src/main/AndroidManifest.xml:86:13-45
	android:name
		ADDED from src/main/AndroidManifest.xml:85:13-58
activity#com.kisai.bt.android.DeviceListActivity
ADDED from src/main/AndroidManifest.xml:89:9-92:59
	android:screenOrientation
		ADDED from src/main/AndroidManifest.xml:91:13-49
	android:theme
		ADDED from src/main/AndroidManifest.xml:92:13-56
	android:name
		ADDED from src/main/AndroidManifest.xml:90:13-67
activity#org.zeroxlab.zeroxbenchmark.Benchmark
ADDED from src/main/AndroidManifest.xml:93:9-102:20
	android:screenOrientation
		ADDED from src/main/AndroidManifest.xml:96:13-49
	android:label
		ADDED from src/main/AndroidManifest.xml:95:13-40
	android:name
		ADDED from src/main/AndroidManifest.xml:94:13-37
activity#org.zeroxlab.zeroxbenchmark.ActivitySettings
ADDED from src/main/AndroidManifest.xml:103:9-109:20
	android:screenOrientation
		ADDED from src/main/AndroidManifest.xml:105:13-49
	android:name
		ADDED from src/main/AndroidManifest.xml:104:13-44
intent-filter#action:name:android.intent.action.MAIN
ADDED from src/main/AndroidManifest.xml:106:13-108:29
activity#org.zeroxlab.zeroxbenchmark.TesterCanvas
ADDED from src/main/AndroidManifest.xml:110:9-116:20
	android:screenOrientation
		ADDED from src/main/AndroidManifest.xml:112:13-49
	android:name
		ADDED from src/main/AndroidManifest.xml:111:13-40
activity#org.zeroxlab.kubench.Kubench
ADDED from src/main/AndroidManifest.xml:117:9-123:20
	android:screenOrientation
		ADDED from src/main/AndroidManifest.xml:119:13-49
	android:name
		ADDED from src/main/AndroidManifest.xml:118:13-56
activity#org.zeroxlab.graphics.DrawCircle
ADDED from src/main/AndroidManifest.xml:124:9-130:20
	android:screenOrientation
		ADDED from src/main/AndroidManifest.xml:126:13-49
	android:name
		ADDED from src/main/AndroidManifest.xml:125:13-60
activity#org.zeroxlab.zeroxbenchmark.TesterGC
ADDED from src/main/AndroidManifest.xml:131:9-137:20
	android:screenOrientation
		ADDED from src/main/AndroidManifest.xml:133:13-49
	android:name
		ADDED from src/main/AndroidManifest.xml:132:13-64
activity#org.zeroxlab.zeroxbenchmark.TesterArithmetic
ADDED from src/main/AndroidManifest.xml:138:9-144:20
	android:screenOrientation
		ADDED from src/main/AndroidManifest.xml:140:13-49
	android:name
		ADDED from src/main/AndroidManifest.xml:139:13-72
activity#org.zeroxlab.zeroxbenchmark.TesterJavascript
ADDED from src/main/AndroidManifest.xml:145:9-151:20
	android:screenOrientation
		ADDED from src/main/AndroidManifest.xml:147:13-49
	android:name
		ADDED from src/main/AndroidManifest.xml:146:13-72
activity#org.zeroxlab.zeroxbenchmark.TesterScimark2
ADDED from src/main/AndroidManifest.xml:152:9-158:20
	android:screenOrientation
		ADDED from src/main/AndroidManifest.xml:154:13-49
	android:name
		ADDED from src/main/AndroidManifest.xml:153:13-70
activity#org.zeroxlab.zeroxbenchmark.Report
ADDED from src/main/AndroidManifest.xml:159:9-165:20
	android:screenOrientation
		ADDED from src/main/AndroidManifest.xml:161:13-49
	android:name
		ADDED from src/main/AndroidManifest.xml:160:13-62
activity#org.zeroxlab.zeroxbenchmark.Upload
ADDED from src/main/AndroidManifest.xml:166:9-172:20
	android:screenOrientation
		ADDED from src/main/AndroidManifest.xml:168:13-49
	android:name
		ADDED from src/main/AndroidManifest.xml:167:13-62
activity#com.nea.nehe.lesson08.Run
ADDED from src/main/AndroidManifest.xml:173:9-179:20
	android:screenOrientation
		ADDED from src/main/AndroidManifest.xml:175:13-49
	android:name
		ADDED from src/main/AndroidManifest.xml:174:13-53
activity#com.nea.nehe.lesson16.Run
ADDED from src/main/AndroidManifest.xml:180:9-186:20
	android:screenOrientation
		ADDED from src/main/AndroidManifest.xml:182:13-49
	android:name
		ADDED from src/main/AndroidManifest.xml:181:13-53
activity#org.itri.teapot.TeapotES
ADDED from src/main/AndroidManifest.xml:187:9-193:20
	android:screenOrientation
		ADDED from src/main/AndroidManifest.xml:189:13-49
	android:name
		ADDED from src/main/AndroidManifest.xml:188:13-52
activity#org.opensolaris.hub.libmicro.NativeTesterMicro
ADDED from src/main/AndroidManifest.xml:194:9-200:20
	android:screenOrientation
		ADDED from src/main/AndroidManifest.xml:196:13-49
	android:name
		ADDED from src/main/AndroidManifest.xml:195:13-74
activity#org.zeroxlab.byteunix.NativeTesterUbench
ADDED from src/main/AndroidManifest.xml:201:9-207:20
	android:screenOrientation
		ADDED from src/main/AndroidManifest.xml:203:13-49
	android:name
		ADDED from src/main/AndroidManifest.xml:202:13-68
activity#org.zeroxlab.graphics.DrawRect
ADDED from src/main/AndroidManifest.xml:208:9-214:20
	android:screenOrientation
		ADDED from src/main/AndroidManifest.xml:210:13-49
	android:name
		ADDED from src/main/AndroidManifest.xml:209:13-58
activity#org.zeroxlab.graphics.DrawArc
ADDED from src/main/AndroidManifest.xml:215:9-221:20
	android:screenOrientation
		ADDED from src/main/AndroidManifest.xml:217:13-49
	android:name
		ADDED from src/main/AndroidManifest.xml:216:13-57
activity#org.zeroxlab.graphics.DrawText
ADDED from src/main/AndroidManifest.xml:222:9-228:20
	android:screenOrientation
		ADDED from src/main/AndroidManifest.xml:224:13-49
	android:name
		ADDED from src/main/AndroidManifest.xml:223:13-58
activity#org.zeroxlab.graphics.DrawCircle2
ADDED from src/main/AndroidManifest.xml:229:9-235:20
	android:screenOrientation
		ADDED from src/main/AndroidManifest.xml:231:13-49
	android:name
		ADDED from src/main/AndroidManifest.xml:230:13-61
activity#org.zeroxlab.graphics.DrawImage
ADDED from src/main/AndroidManifest.xml:236:9-242:20
	android:screenOrientation
		ADDED from src/main/AndroidManifest.xml:238:13-49
	android:name
		ADDED from src/main/AndroidManifest.xml:237:13-59
uses-sdk
INJECTED from src/main/AndroidManifest.xml reason: use-sdk injection requested
INJECTED from src/main/AndroidManifest.xml
INJECTED from src/main/AndroidManifest.xml
INJECTED from src/main/AndroidManifest.xml
INJECTED from src/main/AndroidManifest.xml
	android:targetSdkVersion
		INJECTED from src/main/AndroidManifest.xml
		ADDED from src/main/AndroidManifest.xml
		INJECTED from src/main/AndroidManifest.xml
	android:minSdkVersion
		INJECTED from src/main/AndroidManifest.xml
		ADDED from src/main/AndroidManifest.xml
		INJECTED from src/main/AndroidManifest.xml